android/app/build/intermediates/manifest_merge_blame_file/release/processReleaseMainManifest/manifest-merger-blame-release-report.txt
1<?xml version="1.0" encoding="utf-8"?>
2<manifest xmlns:android="http://schemas.android.com/apk/res/android"
3    package="com.lumoverse.taxi"
4    android:versionCode="1"
5    android:versionName="1.0" >
6
7    <uses-sdk
8        android:minSdkVersion="24"
9        android:targetSdkVersion="34" />
10
11    <uses-permission android:name="android.permission.READ_EXTERNAL_STORAGE" />
11-->src\main\AndroidManifest.xml:4:5-80
11-->src\main\AndroidManifest.xml:4:22-77
12    <uses-permission android:name="android.permission.WRITE_EXTERNAL_STORAGE" />
12-->src\main\AndroidManifest.xml:5:5-81
12-->src\main\AndroidManifest.xml:5:22-78
13    <uses-permission android:name="android.permission.INTERNET" />
13-->src\main\AndroidManifest.xml:6:5-67
13-->src\main\AndroidManifest.xml:6:22-64
14    <uses-permission android:name="android.permission.ACCESS_FINE_LOCATION" />
14-->src\main\AndroidManifest.xml:7:5-79
14-->src\main\AndroidManifest.xml:7:22-76
15    <!-- <uses-permission android:name="android.permission.ACCESS_COARSE_LOCATION" /> -->
16    <uses-permission android:name="android.permission.ACCESS_BACKGROUND_LOCATION" />
16-->src\main\AndroidManifest.xml:9:5-85
16-->src\main\AndroidManifest.xml:9:22-82
17    <uses-permission android:name="android.permission.ACCESS_NETWORK_STATE" />
17-->src\main\AndroidManifest.xml:10:5-79
17-->src\main\AndroidManifest.xml:10:22-76
18    <uses-permission android:name="android.permission.READ_CONTACTS" />
18-->src\main\AndroidManifest.xml:11:5-72
18-->src\main\AndroidManifest.xml:11:22-69
19    <uses-permission android:name="android.permission.WRITE_CONTACTS" />
19-->src\main\AndroidManifest.xml:12:5-73
19-->src\main\AndroidManifest.xml:12:22-70
20    <uses-permission android:name="android.permission.POST_NOTIFICATIONS" />
20-->src\main\AndroidManifest.xml:13:5-77
20-->src\main\AndroidManifest.xml:13:22-74
21    <uses-permission android:name="android.permission.MANAGE_EXTERNAL_STORAGE" />
21-->src\main\AndroidManifest.xml:14:5-82
21-->src\main\AndroidManifest.xml:14:22-79
22    <uses-permission android:name="android.permission.ACCESS_MEDIA_LOCATION" />
22-->src\main\AndroidManifest.xml:15:5-80
22-->src\main\AndroidManifest.xml:15:22-77
23    <uses-permission android:name="android.permission.VIBRATE" />
23-->src\main\AndroidManifest.xml:16:5-66
23-->src\main\AndroidManifest.xml:16:22-63
24    <uses-permission android:name="android.permission.RECEIVE_BOOT_COMPLETED" />
24-->src\main\AndroidManifest.xml:17:5-81
24-->src\main\AndroidManifest.xml:17:22-78
25    <uses-permission android:name="android.permission.RECEIVE_SMS" />
25-->src\main\AndroidManifest.xml:18:5-70
25-->src\main\AndroidManifest.xml:18:22-67
26
27    <queries>
27-->[:react-native-webview] AndroidManifest.xml:7:5-17:15
28        <intent>
28-->[:react-native-webview] AndroidManifest.xml:8:9-10:18
29            <action android:name="org.chromium.intent.action.PAY" />
29-->[:react-native-webview] AndroidManifest.xml:9:13-69
29-->[:react-native-webview] AndroidManifest.xml:9:21-66
30        </intent>
31        <intent>
31-->[:react-native-webview] AndroidManifest.xml:11:9-13:18
32            <action android:name="org.chromium.intent.action.IS_READY_TO_PAY" />
32-->[:react-native-webview] AndroidManifest.xml:12:13-81
32-->[:react-native-webview] AndroidManifest.xml:12:21-78
33        </intent>
34        <intent>
34-->[:react-native-webview] AndroidManifest.xml:14:9-16:18
35            <action android:name="org.chromium.intent.action.UPDATE_PAYMENT_DETAILS" />
35-->[:react-native-webview] AndroidManifest.xml:15:13-88
35-->[:react-native-webview] AndroidManifest.xml:15:21-85
36        </intent>
37        <!-- Needs to be explicitly declared on Android R+ -->
38        <package android:name="com.google.android.apps.maps" />
38-->[com.google.android.gms:play-services-maps:19.1.0] AndroidManifest.xml:29:7-61
38-->[com.google.android.gms:play-services-maps:19.1.0] AndroidManifest.xml:29:16-59
39    </queries>
40
41    <uses-permission android:name="android.permission.ACCESS_WIFI_STATE" />
41-->[:react-native-community_netinfo] AndroidManifest.xml:8:5-76
41-->[:react-native-community_netinfo] AndroidManifest.xml:8:22-73
42    <uses-permission android:name="android.permission.WAKE_LOCK" />
42-->[:react-native-firebase_auth] AndroidManifest.xml:8:5-68
42-->[:react-native-firebase_auth] AndroidManifest.xml:8:22-65
43    <uses-permission android:name="android.permission.RECORD_AUDIO" /> <!-- Required to access Google Play Licensing -->
43-->[:react-native-voice_voice] AndroidManifest.xml:10:5-71
43-->[:react-native-voice_voice] AndroidManifest.xml:10:22-68
44    <uses-permission android:name="com.android.vending.CHECK_LICENSE" /> <!-- Required by older versions of Google Play services to create IID tokens -->
44-->[:rn-fetch-blob] AndroidManifest.xml:8:5-73
44-->[:rn-fetch-blob] AndroidManifest.xml:8:22-70
45    <uses-permission android:name="com.google.android.c2dm.permission.RECEIVE" />
45-->[com.google.firebase:firebase-messaging:24.1.1] AndroidManifest.xml:26:5-82
45-->[com.google.firebase:firebase-messaging:24.1.1] AndroidManifest.xml:26:22-79
46    <uses-permission android:name="android.permission.ACCESS_ADSERVICES_ATTRIBUTION" />
46-->[com.google.android.gms:play-services-measurement-api:22.4.0] AndroidManifest.xml:26:5-88
46-->[com.google.android.gms:play-services-measurement-api:22.4.0] AndroidManifest.xml:26:22-85
47    <uses-permission android:name="android.permission.ACCESS_ADSERVICES_AD_ID" />
47-->[com.google.android.gms:play-services-measurement-api:22.4.0] AndroidManifest.xml:27:5-82
47-->[com.google.android.gms:play-services-measurement-api:22.4.0] AndroidManifest.xml:27:22-79
48
49    <uses-feature
49-->[com.google.android.gms:play-services-maps:19.1.0] AndroidManifest.xml:22:5-24:33
50        android:glEsVersion="0x00020000"
50-->[com.google.android.gms:play-services-maps:19.1.0] AndroidManifest.xml:23:8-40
51        android:required="true" />
51-->[com.google.android.gms:play-services-maps:19.1.0] AndroidManifest.xml:24:8-31
52
53    <uses-permission android:name="com.google.android.finsky.permission.BIND_GET_INSTALL_REFERRER_SERVICE" />
53-->[com.google.android.gms:play-services-measurement:22.4.0] AndroidManifest.xml:26:5-110
53-->[com.google.android.gms:play-services-measurement:22.4.0] AndroidManifest.xml:26:22-107
54    <uses-permission android:name="com.google.android.providers.gsf.permission.READ_GSERVICES" />
54-->[com.google.android.recaptcha:recaptcha:18.6.1] AndroidManifest.xml:9:5-98
54-->[com.google.android.recaptcha:recaptcha:18.6.1] AndroidManifest.xml:9:22-95
55    <uses-permission android:name="android.permission.FOREGROUND_SERVICE" />
55-->[androidx.work:work-runtime:2.9.1] AndroidManifest.xml:26:5-77
55-->[androidx.work:work-runtime:2.9.1] AndroidManifest.xml:26:22-74
56
57    <permission
57-->[androidx.core:core:1.16.0] AndroidManifest.xml:22:5-24:47
58        android:name="com.lumoverse.taxi.DYNAMIC_RECEIVER_NOT_EXPORTED_PERMISSION"
58-->[androidx.core:core:1.16.0] AndroidManifest.xml:23:9-81
59        android:protectionLevel="signature" />
59-->[androidx.core:core:1.16.0] AndroidManifest.xml:24:9-44
60
61    <uses-permission android:name="com.lumoverse.taxi.DYNAMIC_RECEIVER_NOT_EXPORTED_PERMISSION" /> <!-- for android -->
61-->[androidx.core:core:1.16.0] AndroidManifest.xml:26:5-97
61-->[androidx.core:core:1.16.0] AndroidManifest.xml:26:22-94
62    <!-- <uses-permission android:name="com.android.launcher.permission.READ_SETTINGS"/> -->
63    <!-- <uses-permission android:name="com.android.launcher.permission.WRITE_SETTINGS"/> -->
64    <!-- <uses-permission android:name="com.android.launcher.permission.INSTALL_SHORTCUT" /> -->
65    <!-- <uses-permission android:name="com.android.launcher.permission.UNINSTALL_SHORTCUT" /> -->
66    <!-- for Samsung -->
67    <uses-permission android:name="com.sec.android.provider.badge.permission.READ" />
67-->[me.leolin:ShortcutBadger:1.1.22] AndroidManifest.xml:19:5-86
67-->[me.leolin:ShortcutBadger:1.1.22] AndroidManifest.xml:19:22-83
68    <uses-permission android:name="com.sec.android.provider.badge.permission.WRITE" /> <!-- for htc -->
68-->[me.leolin:ShortcutBadger:1.1.22] AndroidManifest.xml:20:5-87
68-->[me.leolin:ShortcutBadger:1.1.22] AndroidManifest.xml:20:22-84
69    <uses-permission android:name="com.htc.launcher.permission.READ_SETTINGS" />
69-->[me.leolin:ShortcutBadger:1.1.22] AndroidManifest.xml:23:5-81
69-->[me.leolin:ShortcutBadger:1.1.22] AndroidManifest.xml:23:22-78
70    <uses-permission android:name="com.htc.launcher.permission.UPDATE_SHORTCUT" /> <!-- for sony -->
70-->[me.leolin:ShortcutBadger:1.1.22] AndroidManifest.xml:24:5-83
70-->[me.leolin:ShortcutBadger:1.1.22] AndroidManifest.xml:24:22-80
71    <uses-permission android:name="com.sonyericsson.home.permission.BROADCAST_BADGE" />
71-->[me.leolin:ShortcutBadger:1.1.22] AndroidManifest.xml:27:5-88
71-->[me.leolin:ShortcutBadger:1.1.22] AndroidManifest.xml:27:22-85
72    <uses-permission android:name="com.sonymobile.home.permission.PROVIDER_INSERT_BADGE" /> <!-- for apex -->
72-->[me.leolin:ShortcutBadger:1.1.22] AndroidManifest.xml:28:5-92
72-->[me.leolin:ShortcutBadger:1.1.22] AndroidManifest.xml:28:22-89
73    <uses-permission android:name="com.anddoes.launcher.permission.UPDATE_COUNT" /> <!-- for solid -->
73-->[me.leolin:ShortcutBadger:1.1.22] AndroidManifest.xml:31:5-84
73-->[me.leolin:ShortcutBadger:1.1.22] AndroidManifest.xml:31:22-81
74    <uses-permission android:name="com.majeur.launcher.permission.UPDATE_BADGE" /> <!-- for huawei -->
74-->[me.leolin:ShortcutBadger:1.1.22] AndroidManifest.xml:34:5-83
74-->[me.leolin:ShortcutBadger:1.1.22] AndroidManifest.xml:34:22-80
75    <uses-permission android:name="com.huawei.android.launcher.permission.CHANGE_BADGE" />
75-->[me.leolin:ShortcutBadger:1.1.22] AndroidManifest.xml:37:5-91
75-->[me.leolin:ShortcutBadger:1.1.22] AndroidManifest.xml:37:22-88
76    <uses-permission android:name="com.huawei.android.launcher.permission.READ_SETTINGS" />
76-->[me.leolin:ShortcutBadger:1.1.22] AndroidManifest.xml:38:5-92
76-->[me.leolin:ShortcutBadger:1.1.22] AndroidManifest.xml:38:22-89
77    <uses-permission android:name="com.huawei.android.launcher.permission.WRITE_SETTINGS" /> <!-- for ZUK -->
77-->[me.leolin:ShortcutBadger:1.1.22] AndroidManifest.xml:39:5-93
77-->[me.leolin:ShortcutBadger:1.1.22] AndroidManifest.xml:39:22-90
78    <uses-permission android:name="android.permission.READ_APP_BADGE" /> <!-- for OPPO -->
78-->[me.leolin:ShortcutBadger:1.1.22] AndroidManifest.xml:42:5-73
78-->[me.leolin:ShortcutBadger:1.1.22] AndroidManifest.xml:42:22-70
79    <uses-permission android:name="com.oppo.launcher.permission.READ_SETTINGS" />
79-->[me.leolin:ShortcutBadger:1.1.22] AndroidManifest.xml:45:5-82
79-->[me.leolin:ShortcutBadger:1.1.22] AndroidManifest.xml:45:22-79
80    <uses-permission android:name="com.oppo.launcher.permission.WRITE_SETTINGS" /> <!-- for EvMe -->
80-->[me.leolin:ShortcutBadger:1.1.22] AndroidManifest.xml:46:5-83
80-->[me.leolin:ShortcutBadger:1.1.22] AndroidManifest.xml:46:22-80
81    <uses-permission android:name="me.everything.badger.permission.BADGE_COUNT_READ" />
81-->[me.leolin:ShortcutBadger:1.1.22] AndroidManifest.xml:49:5-88
81-->[me.leolin:ShortcutBadger:1.1.22] AndroidManifest.xml:49:22-85
82    <uses-permission android:name="me.everything.badger.permission.BADGE_COUNT_WRITE" />
82-->[me.leolin:ShortcutBadger:1.1.22] AndroidManifest.xml:50:5-89
82-->[me.leolin:ShortcutBadger:1.1.22] AndroidManifest.xml:50:22-86
83
84    <application
84-->src\main\AndroidManifest.xml:22:5-100:19
85        android:name="com.lumoverse.taxi.MainApplication"
85-->src\main\AndroidManifest.xml:23:9-40
86        android:allowBackup="false"
86-->src\main\AndroidManifest.xml:27:9-36
87        android:appComponentFactory="androidx.core.app.CoreComponentFactory"
87-->src\main\AndroidManifest.xml:30:9-77
88        android:extractNativeLibs="false"
89        android:icon="@mipmap/ic_launcher"
89-->src\main\AndroidManifest.xml:25:9-43
90        android:label="@string/app_name"
90-->src\main\AndroidManifest.xml:24:9-41
91        android:roundIcon="@mipmap/ic_launcher_round"
91-->src\main\AndroidManifest.xml:26:9-54
92        android:supportsRtl="true"
92-->src\main\AndroidManifest.xml:29:9-35
93        android:theme="@style/AppTheme" >
93-->src\main\AndroidManifest.xml:28:9-40
94        <activity
94-->src\main\AndroidManifest.xml:34:9-37:48
95            android:name="com.facebook.FacebookActivity"
95-->src\main\AndroidManifest.xml:35:13-57
96            android:configChanges="keyboard|keyboardHidden|screenLayout|screenSize|orientation"
96-->src\main\AndroidManifest.xml:36:13-96
97            android:label="@string/app_name" />
97-->src\main\AndroidManifest.xml:37:13-45
98        <activity
98-->src\main\AndroidManifest.xml:39:9-47:20
99            android:name="com.facebook.CustomTabActivity"
99-->src\main\AndroidManifest.xml:40:13-58
100            android:exported="true" >
100-->src\main\AndroidManifest.xml:41:13-36
101            <intent-filter>
101-->src\main\AndroidManifest.xml:42:13-46:29
102                <action android:name="android.intent.action.VIEW" />
102-->src\main\AndroidManifest.xml:43:17-69
102-->src\main\AndroidManifest.xml:43:25-66
103
104                <category android:name="android.intent.category.DEFAULT" />
104-->src\main\AndroidManifest.xml:44:17-76
104-->src\main\AndroidManifest.xml:44:27-73
105                <category android:name="android.intent.category.BROWSABLE" />
105-->src\main\AndroidManifest.xml:45:17-78
105-->src\main\AndroidManifest.xml:45:27-75
106            </intent-filter>
107        </activity>
108
109        <meta-data
109-->src\main\AndroidManifest.xml:50:9-52:69
110            android:name="com.google.android.gms.version"
110-->src\main\AndroidManifest.xml:51:13-58
111            android:value="@integer/google_play_services_version" />
111-->src\main\AndroidManifest.xml:52:13-66
112        <meta-data
112-->src\main\AndroidManifest.xml:53:9-55:71
113            android:name="com.google.android.geo.API_KEY"
113-->src\main\AndroidManifest.xml:54:13-58
114            android:value="AIzaSyA5jpsEpRzFnuPnZ0b8z86q1lV1Lj-1vH8" />
114-->src\main\AndroidManifest.xml:55:13-68
115        <meta-data
115-->src\main\AndroidManifest.xml:57:9-59:37
116            android:name="com.dieam.reactnativepushnotification.notification_foreground"
116-->src\main\AndroidManifest.xml:58:13-89
117            android:value="false" />
117-->src\main\AndroidManifest.xml:59:13-34
118        <meta-data
118-->src\main\AndroidManifest.xml:60:9-62:47
119            android:name="com.dieam.reactnativepushnotification.notification_color"
119-->src\main\AndroidManifest.xml:61:13-84
120            android:resource="@color/white" />
120-->src\main\AndroidManifest.xml:62:13-44
121
122        <receiver android:name="com.dieam.reactnativepushnotification.modules.RNPushNotificationActions" />
122-->src\main\AndroidManifest.xml:64:9-108
122-->src\main\AndroidManifest.xml:64:19-105
123        <receiver android:name="com.dieam.reactnativepushnotification.modules.RNPushNotificationPublisher" />
123-->src\main\AndroidManifest.xml:65:9-110
123-->src\main\AndroidManifest.xml:65:19-107
124        <receiver
124-->src\main\AndroidManifest.xml:67:9-75:20
125            android:name="com.dieam.reactnativepushnotification.modules.RNPushNotificationBootEventReceiver"
125-->src\main\AndroidManifest.xml:68:13-109
126            android:exported="false" >
126-->src\main\AndroidManifest.xml:69:13-37
127            <intent-filter>
127-->src\main\AndroidManifest.xml:70:13-74:29
128                <action android:name="android.intent.action.BOOT_COMPLETED" />
128-->src\main\AndroidManifest.xml:71:17-79
128-->src\main\AndroidManifest.xml:71:25-76
129                <action android:name="android.intent.action.QUICKBOOT_POWERON" />
129-->src\main\AndroidManifest.xml:72:17-82
129-->src\main\AndroidManifest.xml:72:25-79
130                <action android:name="com.htc.intent.action.QUICKBOOT_POWERON" />
130-->src\main\AndroidManifest.xml:73:17-82
130-->src\main\AndroidManifest.xml:73:25-79
131            </intent-filter>
132        </receiver>
133
134        <service
134-->src\main\AndroidManifest.xml:77:9-83:19
135            android:name="com.dieam.reactnativepushnotification.modules.RNPushNotificationListenerService"
135-->src\main\AndroidManifest.xml:78:13-107
136            android:exported="false" >
136-->src\main\AndroidManifest.xml:79:13-37
137            <intent-filter>
137-->src\main\AndroidManifest.xml:80:13-82:29
138                <action android:name="com.google.firebase.MESSAGING_EVENT" />
138-->src\main\AndroidManifest.xml:81:17-78
138-->src\main\AndroidManifest.xml:81:25-75
139            </intent-filter>
140        </service>
141
142        <activity
142-->src\main\AndroidManifest.xml:85:9-98:20
143            android:name="com.lumoverse.taxi.MainActivity"
143-->src\main\AndroidManifest.xml:86:13-41
144            android:configChanges="keyboard|keyboardHidden|orientation|screenLayout|screenSize|smallestScreenSize|uiMode"
144-->src\main\AndroidManifest.xml:88:13-122
145            android:exported="true"
145-->src\main\AndroidManifest.xml:91:13-36
146            android:label="@string/app_name"
146-->src\main\AndroidManifest.xml:87:13-45
147            android:launchMode="singleTask"
147-->src\main\AndroidManifest.xml:89:13-44
148            android:screenOrientation="portrait"
148-->src\main\AndroidManifest.xml:92:13-49
149            android:windowSoftInputMode="adjustResize" >
149-->src\main\AndroidManifest.xml:90:13-55
150            <intent-filter>
150-->src\main\AndroidManifest.xml:93:13-97:29
151                <action android:name="android.intent.action.MAIN" />
151-->src\main\AndroidManifest.xml:94:17-69
151-->src\main\AndroidManifest.xml:94:25-66
152
153                <category android:name="android.intent.category.LAUNCHER" />
153-->src\main\AndroidManifest.xml:95:17-77
153-->src\main\AndroidManifest.xml:95:27-74
154
155                <action android:name="android.intent.action.DOWNLOAD_COMPLETE" />
155-->src\main\AndroidManifest.xml:96:17-82
155-->src\main\AndroidManifest.xml:96:25-79
156            </intent-filter>
157        </activity>
158
159        <provider
159-->[:react-native-webview] AndroidManifest.xml:20:9-28:20
160            android:name="com.reactnativecommunity.webview.RNCWebViewFileProvider"
160-->[:react-native-webview] AndroidManifest.xml:21:13-83
161            android:authorities="com.lumoverse.taxi.fileprovider"
161-->[:react-native-webview] AndroidManifest.xml:22:13-64
162            android:exported="false"
162-->[:react-native-webview] AndroidManifest.xml:23:13-37
163            android:grantUriPermissions="true" >
163-->[:react-native-webview] AndroidManifest.xml:24:13-47
164            <meta-data
164-->[:react-native-webview] AndroidManifest.xml:25:13-27:63
165                android:name="android.support.FILE_PROVIDER_PATHS"
165-->[:react-native-webview] AndroidManifest.xml:26:17-67
166                android:resource="@xml/file_provider_paths" />
166-->[:react-native-webview] AndroidManifest.xml:27:17-60
167        </provider>
168
169        <service
169-->[:react-native-firebase_messaging] AndroidManifest.xml:12:9-14:40
170            android:name="io.invertase.firebase.messaging.ReactNativeFirebaseMessagingHeadlessService"
170-->[:react-native-firebase_messaging] AndroidManifest.xml:13:13-103
171            android:exported="false" />
171-->[:react-native-firebase_messaging] AndroidManifest.xml:14:13-37
172        <service
172-->[:react-native-firebase_messaging] AndroidManifest.xml:15:9-21:19
173            android:name="io.invertase.firebase.messaging.ReactNativeFirebaseMessagingService"
173-->[:react-native-firebase_messaging] AndroidManifest.xml:16:13-95
174            android:exported="false" >
174-->[:react-native-firebase_messaging] AndroidManifest.xml:17:13-37
175            <intent-filter>
175-->src\main\AndroidManifest.xml:80:13-82:29
176                <action android:name="com.google.firebase.MESSAGING_EVENT" />
176-->src\main\AndroidManifest.xml:81:17-78
176-->src\main\AndroidManifest.xml:81:25-75
177            </intent-filter>
178        </service>
179
180        <receiver
180-->[:react-native-firebase_messaging] AndroidManifest.xml:23:9-30:20
181            android:name="io.invertase.firebase.messaging.ReactNativeFirebaseMessagingReceiver"
181-->[:react-native-firebase_messaging] AndroidManifest.xml:24:13-96
182            android:exported="true"
182-->[:react-native-firebase_messaging] AndroidManifest.xml:25:13-36
183            android:permission="com.google.android.c2dm.permission.SEND" >
183-->[:react-native-firebase_messaging] AndroidManifest.xml:26:13-73
184            <intent-filter>
184-->[:react-native-firebase_messaging] AndroidManifest.xml:27:13-29:29
185                <action android:name="com.google.android.c2dm.intent.RECEIVE" />
185-->[:react-native-firebase_messaging] AndroidManifest.xml:28:17-81
185-->[:react-native-firebase_messaging] AndroidManifest.xml:28:25-78
186            </intent-filter>
187        </receiver>
188
189        <meta-data
189-->[:react-native-firebase_messaging] AndroidManifest.xml:32:9-34:37
190            android:name="delivery_metrics_exported_to_big_query_enabled"
190-->[:react-native-firebase_messaging] AndroidManifest.xml:33:13-74
191            android:value="false" />
191-->[:react-native-firebase_messaging] AndroidManifest.xml:34:13-34
192        <meta-data
192-->[:react-native-firebase_messaging] AndroidManifest.xml:35:9-37:36
193            android:name="firebase_messaging_auto_init_enabled"
193-->[:react-native-firebase_messaging] AndroidManifest.xml:36:13-64
194            android:value="true" />
194-->[:react-native-firebase_messaging] AndroidManifest.xml:37:13-33
195        <meta-data
195-->[:react-native-firebase_messaging] AndroidManifest.xml:38:9-40:37
196            android:name="firebase_messaging_notification_delegation_enabled"
196-->[:react-native-firebase_messaging] AndroidManifest.xml:39:13-78
197            android:value="false" />
197-->[:react-native-firebase_messaging] AndroidManifest.xml:40:13-34
198        <meta-data
198-->[:react-native-firebase_messaging] AndroidManifest.xml:41:9-43:32
199            android:name="com.google.firebase.messaging.default_notification_channel_id"
199-->[:react-native-firebase_messaging] AndroidManifest.xml:42:13-89
200            android:value="" />
200-->[:react-native-firebase_messaging] AndroidManifest.xml:43:13-29
201        <meta-data
201-->[:react-native-firebase_messaging] AndroidManifest.xml:44:9-46:47
202            android:name="com.google.firebase.messaging.default_notification_color"
202-->[:react-native-firebase_messaging] AndroidManifest.xml:45:13-84
203            android:resource="@color/white" />
203-->[:react-native-firebase_messaging] AndroidManifest.xml:46:13-44
204        <meta-data
204-->[:react-native-firebase_app] AndroidManifest.xml:9:9-11:36
205            android:name="app_data_collection_default_enabled"
205-->[:react-native-firebase_app] AndroidManifest.xml:10:13-63
206            android:value="true" />
206-->[:react-native-firebase_app] AndroidManifest.xml:11:13-33
207
208        <service
208-->[:react-native-firebase_app] AndroidManifest.xml:13:9-21:19
209            android:name="com.google.firebase.components.ComponentDiscoveryService"
209-->[:react-native-firebase_app] AndroidManifest.xml:14:13-84
210            android:directBootAware="true"
210-->[:react-native-firebase_app] AndroidManifest.xml:15:13-43
211            android:exported="false" >
211-->[:react-native-firebase_app] AndroidManifest.xml:16:13-37
212            <meta-data
212-->[:react-native-firebase_app] AndroidManifest.xml:18:13-20:85
213                android:name="com.google.firebase.components:io.invertase.firebase.app.ReactNativeFirebaseAppRegistrar"
213-->[:react-native-firebase_app] AndroidManifest.xml:19:17-120
214                android:value="com.google.firebase.components.ComponentRegistrar" />
214-->[:react-native-firebase_app] AndroidManifest.xml:20:17-82
215            <meta-data
215-->[com.google.firebase:firebase-analytics-ktx:22.4.0] AndroidManifest.xml:11:13-13:85
216                android:name="com.google.firebase.components:com.google.firebase.analytics.ktx.FirebaseAnalyticsLegacyRegistrar"
216-->[com.google.firebase:firebase-analytics-ktx:22.4.0] AndroidManifest.xml:12:17-129
217                android:value="com.google.firebase.components.ComponentRegistrar" />
217-->[com.google.firebase:firebase-analytics-ktx:22.4.0] AndroidManifest.xml:13:17-82
218            <meta-data
218-->[com.google.firebase:firebase-auth:23.2.0] AndroidManifest.xml:69:13-71:85
219                android:name="com.google.firebase.components:com.google.firebase.auth.FirebaseAuthRegistrar"
219-->[com.google.firebase:firebase-auth:23.2.0] AndroidManifest.xml:70:17-109
220                android:value="com.google.firebase.components.ComponentRegistrar" />
220-->[com.google.firebase:firebase-auth:23.2.0] AndroidManifest.xml:71:17-82
221            <meta-data
221-->[com.google.firebase:firebase-firestore:25.1.3] AndroidManifest.xml:17:13-19:85
222                android:name="com.google.firebase.components:com.google.firebase.firestore.FirebaseFirestoreKtxRegistrar"
222-->[com.google.firebase:firebase-firestore:25.1.3] AndroidManifest.xml:18:17-122
223                android:value="com.google.firebase.components.ComponentRegistrar" />
223-->[com.google.firebase:firebase-firestore:25.1.3] AndroidManifest.xml:19:17-82
224            <meta-data
224-->[com.google.firebase:firebase-firestore:25.1.3] AndroidManifest.xml:20:13-22:85
225                android:name="com.google.firebase.components:com.google.firebase.firestore.FirestoreRegistrar"
225-->[com.google.firebase:firebase-firestore:25.1.3] AndroidManifest.xml:21:17-111
226                android:value="com.google.firebase.components.ComponentRegistrar" />
226-->[com.google.firebase:firebase-firestore:25.1.3] AndroidManifest.xml:22:17-82
227            <meta-data
227-->[com.google.firebase:firebase-messaging:24.1.1] AndroidManifest.xml:57:13-59:85
228                android:name="com.google.firebase.components:com.google.firebase.messaging.FirebaseMessagingKtxRegistrar"
228-->[com.google.firebase:firebase-messaging:24.1.1] AndroidManifest.xml:58:17-122
229                android:value="com.google.firebase.components.ComponentRegistrar" />
229-->[com.google.firebase:firebase-messaging:24.1.1] AndroidManifest.xml:59:17-82
230            <meta-data
230-->[com.google.firebase:firebase-messaging:24.1.1] AndroidManifest.xml:60:13-62:85
231                android:name="com.google.firebase.components:com.google.firebase.messaging.FirebaseMessagingRegistrar"
231-->[com.google.firebase:firebase-messaging:24.1.1] AndroidManifest.xml:61:17-119
232                android:value="com.google.firebase.components.ComponentRegistrar" />
232-->[com.google.firebase:firebase-messaging:24.1.1] AndroidManifest.xml:62:17-82
233            <meta-data
233-->[com.google.android.gms:play-services-measurement-api:22.4.0] AndroidManifest.xml:33:13-35:85
234                android:name="com.google.firebase.components:com.google.firebase.analytics.connector.internal.AnalyticsConnectorRegistrar"
234-->[com.google.android.gms:play-services-measurement-api:22.4.0] AndroidManifest.xml:34:17-139
235                android:value="com.google.firebase.components.ComponentRegistrar" />
235-->[com.google.android.gms:play-services-measurement-api:22.4.0] AndroidManifest.xml:35:17-82
236            <meta-data
236-->[com.google.firebase:firebase-installations:18.0.0] AndroidManifest.xml:15:13-17:85
237                android:name="com.google.firebase.components:com.google.firebase.installations.FirebaseInstallationsKtxRegistrar"
237-->[com.google.firebase:firebase-installations:18.0.0] AndroidManifest.xml:16:17-130
238                android:value="com.google.firebase.components.ComponentRegistrar" />
238-->[com.google.firebase:firebase-installations:18.0.0] AndroidManifest.xml:17:17-82
239            <meta-data
239-->[com.google.firebase:firebase-installations:18.0.0] AndroidManifest.xml:18:13-20:85
240                android:name="com.google.firebase.components:com.google.firebase.installations.FirebaseInstallationsRegistrar"
240-->[com.google.firebase:firebase-installations:18.0.0] AndroidManifest.xml:19:17-127
241                android:value="com.google.firebase.components.ComponentRegistrar" />
241-->[com.google.firebase:firebase-installations:18.0.0] AndroidManifest.xml:20:17-82
242            <meta-data
242-->[com.google.firebase:firebase-common-ktx:21.0.0] AndroidManifest.xml:12:13-14:85
243                android:name="com.google.firebase.components:com.google.firebase.ktx.FirebaseCommonLegacyRegistrar"
243-->[com.google.firebase:firebase-common-ktx:21.0.0] AndroidManifest.xml:13:17-116
244                android:value="com.google.firebase.components.ComponentRegistrar" />
244-->[com.google.firebase:firebase-common-ktx:21.0.0] AndroidManifest.xml:14:17-82
245            <meta-data
245-->[com.google.firebase:firebase-common:21.0.0] AndroidManifest.xml:35:13-37:85
246                android:name="com.google.firebase.components:com.google.firebase.FirebaseCommonKtxRegistrar"
246-->[com.google.firebase:firebase-common:21.0.0] AndroidManifest.xml:36:17-109
247                android:value="com.google.firebase.components.ComponentRegistrar" />
247-->[com.google.firebase:firebase-common:21.0.0] AndroidManifest.xml:37:17-82
248            <meta-data
248-->[com.google.firebase:firebase-datatransport:18.2.0] AndroidManifest.xml:25:13-27:85
249                android:name="com.google.firebase.components:com.google.firebase.datatransport.TransportRegistrar"
249-->[com.google.firebase:firebase-datatransport:18.2.0] AndroidManifest.xml:26:17-115